kotlin version: 2.0.0
error message: org.jetbrains.kotlin.backend.common.BackendException: Backend Internal error: Exception during IR lowering
File being compiled: C:/Users/nmm-c/AndroidStudioProjects/LearnTracker/app/src/main/java/com/nmm_code/learntracker/data/TimerActivityData.kt
The root cause java.lang.RuntimeException was thrown at: org.jetbrains.kotlin.backend.jvm.codegen.FunctionCodegen.generate(FunctionCodegen.kt:50)
	at org.jetbrains.kotlin.backend.common.CodegenUtil.reportBackendException(CodegenUtil.kt:253)
	at org.jetbrains.kotlin.backend.common.CodegenUtil.reportBackendException$default(CodegenUtil.kt:236)
	at org.jetbrains.kotlin.backend.common.phaser.PerformByIrFilePhase.invokeSequential(performByIrFile.kt:65)
	at org.jetbrains.kotlin.backend.common.phaser.PerformByIrFilePhase.invoke(performByIrFile.kt:52)
	at org.jetbrains.kotlin.backend.common.phaser.PerformByIrFilePhase.invoke(performByIrFile.kt:38)
	at org.jetbrains.kotlin.backend.common.phaser.NamedCompilerPhase.phaseBody(CompilerPhase.kt:166)
	at org.jetbrains.kotlin.backend.common.phaser.AbstractNamedCompilerPhase.invoke(CompilerPhase.kt:113)
	at org.jetbrains.kotlin.backend.common.phaser.CompositePhase.invoke(PhaseBuilders.kt:29)
	at org.jetbrains.kotlin.backend.common.phaser.CompositePhase.invoke(PhaseBuilders.kt:16)
	at org.jetbrains.kotlin.backend.common.phaser.NamedCompilerPhase.phaseBody(CompilerPhase.kt:166)
	at org.jetbrains.kotlin.backend.common.phaser.AbstractNamedCompilerPhase.invoke(CompilerPhase.kt:113)
	at org.jetbrains.kotlin.backend.common.phaser.CompilerPhaseKt.invokeToplevel(CompilerPhase.kt:62)
	at org.jetbrains.kotlin.backend.jvm.JvmIrCodegenFactory.invokeCodegen(JvmIrCodegenFactory.kt:371)
	at org.jetbrains.kotlin.codegen.CodegenFactory.generateModule(CodegenFactory.kt:47)
	at org.jetbrains.kotlin.backend.jvm.JvmIrCodegenFactory.generateModuleInFrontendIRMode(JvmIrCodegenFactory.kt:433)
	at org.jetbrains.kotlin.cli.jvm.compiler.pipeline.JvmCompilerPipelineKt.generateCodeFromIr(jvmCompilerPipeline.kt:241)
	at org.jetbrains.kotlin.cli.jvm.compiler.pipeline.JvmCompilerPipelineKt.compileModulesUsingFrontendIrAndLightTree(jvmCompilerPipeline.kt:140)
	at org.jetbrains.kotlin.cli.jvm.K2JVMCompiler.doExecute(K2JVMCompiler.kt:155)
	at org.jetbrains.kotlin.cli.jvm.K2JVMCompiler.doExecute(K2JVMCompiler.kt:50)
	at org.jetbrains.kotlin.cli.common.CLICompiler.execImpl(CLICompiler.kt:104)
	at org.jetbrains.kotlin.cli.common.CLICompiler.execImpl(CLICompiler.kt:48)
	at org.jetbrains.kotlin.cli.common.CLITool.exec(CLITool.kt:101)
	at org.jetbrains.kotlin.incremental.IncrementalJvmCompilerRunner.runCompiler(IncrementalJvmCompilerRunner.kt:453)
	at org.jetbrains.kotlin.incremental.IncrementalJvmCompilerRunner.runCompiler(IncrementalJvmCompilerRunner.kt:62)
	at org.jetbrains.kotlin.incremental.IncrementalCompilerRunner.doCompile(IncrementalCompilerRunner.kt:506)
	at org.jetbrains.kotlin.incremental.IncrementalCompilerRunner.compileImpl(IncrementalCompilerRunner.kt:423)
	at org.jetbrains.kotlin.incremental.IncrementalCompilerRunner.tryCompileIncrementally$lambda$9$compile(IncrementalCompilerRunner.kt:249)
	at org.jetbrains.kotlin.incremental.IncrementalCompilerRunner.tryCompileIncrementally(IncrementalCompilerRunner.kt:267)
	at org.jetbrains.kotlin.incremental.IncrementalCompilerRunner.compile(IncrementalCompilerRunner.kt:120)
	at org.jetbrains.kotlin.daemon.CompileServiceImplBase.execIncrementalCompiler(CompileServiceImpl.kt:676)
	at org.jetbrains.kotlin.daemon.CompileServiceImplBase.access$execIncrementalCompiler(CompileServiceImpl.kt:92)
	at org.jetbrains.kotlin.daemon.CompileServiceImpl.compile(CompileServiceImpl.kt:1661)
	at jdk.internal.reflect.GeneratedMethodAccessor14.invoke(Unknown Source)
	at java.base/jdk.internal.reflect.DelegatingMethodAccessorImpl.invoke(DelegatingMethodAccessorImpl.java:43)
	at java.base/java.lang.reflect.Method.invoke(Method.java:568)
	at java.rmi/sun.rmi.server.UnicastServerRef.dispatch(UnicastServerRef.java:360)
	at java.rmi/sun.rmi.transport.Transport$1.run(Transport.java:200)
	at java.rmi/sun.rmi.transport.Transport$1.run(Transport.java:197)
	at java.base/java.security.AccessController.doPrivileged(AccessController.java:712)
	at java.rmi/sun.rmi.transport.Transport.serviceCall(Transport.java:196)
	at java.rmi/sun.rmi.transport.tcp.TCPTransport.handleMessages(TCPTransport.java:587)
	at java.rmi/sun.rmi.transport.tcp.TCPTransport$ConnectionHandler.run0(TCPTransport.java:828)
	at java.rmi/sun.rmi.transport.tcp.TCPTransport$ConnectionHandler.lambda$run$0(TCPTransport.java:705)
	at java.base/java.security.AccessController.doPrivileged(AccessController.java:399)
	at java.rmi/sun.rmi.transport.tcp.TCPTransport$ConnectionHandler.run(TCPTransport.java:704)
	at java.base/java.util.concurrent.ThreadPoolExecutor.runWorker(ThreadPoolExecutor.java:1136)
	at java.base/java.util.concurrent.ThreadPoolExecutor$Worker.run(ThreadPoolExecutor.java:635)
	at java.base/java.lang.Thread.run(Thread.java:840)
Caused by: java.lang.RuntimeException: Exception while generating code for:
FUN name:getTitleOfIndex visibility:public modality:FINAL <> ($this:com.nmm_code.learntracker.data.TimerActivityData, context:android.content.Context, index:kotlin.Int) returnType:com.nmm_code.learntracker.data.Subject
  $this: VALUE_PARAMETER name:<this> type:com.nmm_code.learntracker.data.TimerActivityData
  VALUE_PARAMETER name:context index:0 type:android.content.Context
  VALUE_PARAMETER name:index index:1 type:kotlin.Int
  BLOCK_BODY
    RETURN type=kotlin.Nothing from='public final fun getTitleOfIndex (context: android.content.Context, index: kotlin.Int): com.nmm_code.learntracker.data.Subject declared in com.nmm_code.learntracker.data.TimerActivityData'
      CALL 'public abstract fun get (index: kotlin.Int): E of kotlin.collections.List [operator] declared in kotlin.collections.List' type=com.nmm_code.learntracker.data.Subject origin=GET_ARRAY_ELEMENT
        $this: CALL 'public final fun read <T> (context: android.content.Context): kotlin.collections.List<T of com.nmm_code.learntracker.data.Data.read> [inline] declared in com.nmm_code.learntracker.data.Data' type=kotlin.collections.List<com.nmm_code.learntracker.data.Subject> origin=null
          <T>: com.nmm_code.learntracker.data.Subject
          $this: TYPE_OP type=com.nmm_code.learntracker.data.Data<T of com.nmm_code.learntracker.data.Data> origin=IMPLICIT_CAST typeOperand=com.nmm_code.learntracker.data.Data<T of com.nmm_code.learntracker.data.Data>
            GET_FIELD 'FIELD FIELD_FOR_OBJECT_INSTANCE name:INSTANCE type:com.nmm_code.learntracker.data.SubjectsData visibility:public [final,static]' type=com.nmm_code.learntracker.data.SubjectsData origin=null
          context: GET_VAR 'context: android.content.Context declared in com.nmm_code.learntracker.data.TimerActivityData.getTitleOfIndex' type=android.content.Context origin=null
        index: GET_VAR 'index: kotlin.Int declared in com.nmm_code.learntracker.data.TimerActivityData.getTitleOfIndex' type=kotlin.Int origin=null

	at org.jetbrains.kotlin.backend.jvm.codegen.FunctionCodegen.generate(FunctionCodegen.kt:50)
	at org.jetbrains.kotlin.backend.jvm.codegen.FunctionCodegen.generate$default(FunctionCodegen.kt:42)
	at org.jetbrains.kotlin.backend.jvm.codegen.ClassCodegen.generateMethodNode(ClassCodegen.kt:385)
	at org.jetbrains.kotlin.backend.jvm.codegen.ClassCodegen.generateMethod(ClassCodegen.kt:402)
	at org.jetbrains.kotlin.backend.jvm.codegen.ClassCodegen.generate(ClassCodegen.kt:169)
	at org.jetbrains.kotlin.backend.jvm.FileCodegen.lower(JvmPhases.kt:41)
	at org.jetbrains.kotlin.backend.common.phaser.PhaseBuildersKt.makeIrFilePhase$lambda$5(PhaseBuilders.kt:114)
	at org.jetbrains.kotlin.backend.common.phaser.PhaseBuildersKt$createSimpleNamedCompilerPhase$1.phaseBody(PhaseBuilders.kt:71)
	at org.jetbrains.kotlin.backend.common.phaser.SimpleNamedCompilerPhase.phaseBody(CompilerPhase.kt:226)
	at org.jetbrains.kotlin.backend.common.phaser.AbstractNamedCompilerPhase.invoke(CompilerPhase.kt:113)
	at org.jetbrains.kotlin.backend.common.phaser.PerformByIrFilePhase.invokeSequential(performByIrFile.kt:62)
	... 45 more
Caused by: org.jetbrains.kotlin.codegen.CompilationException: Back-end (JVM) Internal error: Couldn't inline method call: CALL 'public final fun read <T> (context: android.content.Context): kotlin.collections.List<T of com.nmm_code.learntracker.data.Data.read> [inline] declared in com.nmm_code.learntracker.data.Data' type=kotlin.collections.List<com.nmm_code.learntracker.data.Subject> origin=null
Method: null
File is unknown
The root cause java.lang.RuntimeException was thrown at: org.jetbrains.kotlin.backend.jvm.codegen.FunctionCodegen.generate(FunctionCodegen.kt:50)
	at org.jetbrains.kotlin.codegen.inline.InlineCodegen.performInline(InlineCodegen.kt:65)
	at org.jetbrains.kotlin.backend.jvm.codegen.IrInlineCodegen.genInlineCall(IrInlineCodegen.kt:162)
	at org.jetbrains.kotlin.backend.jvm.codegen.IrInlineCallGenerator.genCall(IrInlineCallGenerator.kt:36)
	at org.jetbrains.kotlin.backend.jvm.codegen.ExpressionCodegen.visitCall(ExpressionCodegen.kt:647)
	at org.jetbrains.kotlin.backend.jvm.codegen.ExpressionCodegen.visitCall(ExpressionCodegen.kt:137)
	at org.jetbrains.kotlin.ir.expressions.IrCall.accept(IrCall.kt:24)
	at org.jetbrains.kotlin.backend.jvm.codegen.ExpressionCodegen.gen(ExpressionCodegen.kt:216)
	at org.jetbrains.kotlin.backend.jvm.codegen.IrCallGenerator.genValueAndPut(IrCallGenerator.kt:48)
	at org.jetbrains.kotlin.backend.jvm.codegen.ExpressionCodegen.visitCall$handleParameter(ExpressionCodegen.kt:610)
	at org.jetbrains.kotlin.backend.jvm.codegen.ExpressionCodegen.visitCall(ExpressionCodegen.kt:619)
	at org.jetbrains.kotlin.backend.jvm.codegen.ExpressionCodegen.visitCall(ExpressionCodegen.kt:137)
	at org.jetbrains.kotlin.ir.expressions.IrCall.accept(IrCall.kt:24)
	at org.jetbrains.kotlin.backend.jvm.codegen.ExpressionCodegen.visitReturn(ExpressionCodegen.kt:1045)
	at org.jetbrains.kotlin.backend.jvm.codegen.ExpressionCodegen.visitReturn(ExpressionCodegen.kt:137)
	at org.jetbrains.kotlin.ir.expressions.IrReturn.accept(IrReturn.kt:24)
	at org.jetbrains.kotlin.backend.jvm.codegen.ExpressionCodegen.visitStatementContainer(ExpressionCodegen.kt:573)
	at org.jetbrains.kotlin.backend.jvm.codegen.ExpressionCodegen.visitBlockBody(ExpressionCodegen.kt:578)
	at org.jetbrains.kotlin.backend.jvm.codegen.ExpressionCodegen.visitBlockBody(ExpressionCodegen.kt:137)
	at org.jetbrains.kotlin.ir.expressions.IrBlockBody.accept(IrBlockBody.kt:20)
	at org.jetbrains.kotlin.backend.jvm.codegen.ExpressionCodegen.generate(ExpressionCodegen.kt:239)
	at org.jetbrains.kotlin.backend.jvm.codegen.FunctionCodegen.doGenerate(FunctionCodegen.kt:121)
	at org.jetbrains.kotlin.backend.jvm.codegen.FunctionCodegen.generate(FunctionCodegen.kt:46)
	... 55 more
Caused by: java.lang.RuntimeException: Exception while generating code for:
FUN name:read visibility:public modality:FINAL <T> ($this:com.nmm_code.learntracker.data.Data<T of com.nmm_code.learntracker.data.Data>, context:android.content.Context) returnType:kotlin.collections.List<T of com.nmm_code.learntracker.data.Data.read> [inline]
  annotations:
    OptIn(markerClass = [CLASS_REFERENCE 'CLASS IR_EXTERNAL_DECLARATION_STUB ANNOTATION_CLASS name:ExperimentalSerializationApi modality:OPEN visibility:public superTypes:[kotlin.Annotation]' type=kotlin.reflect.KClass<kotlinx.serialization.ExperimentalSerializationApi>])
  TYPE_PARAMETER name:T index:0 variance: superTypes:[kotlin.Any?] reified:true
  $this: VALUE_PARAMETER name:<this> type:com.nmm_code.learntracker.data.Data<T of com.nmm_code.learntracker.data.Data>
  VALUE_PARAMETER name:context index:0 type:android.content.Context
  BLOCK_BODY
    VAR name:dir type:kotlin.String [var]
      CONST String type=kotlin.String value=""
    WHEN type=kotlin.Unit origin=IF
      BRANCH
        if: CALL 'public final fun <get-local> (): kotlin.Boolean declared in com.nmm_code.learntracker.data.Data' type=kotlin.Boolean origin=GET_PROPERTY
          $this: GET_VAR '<this>: com.nmm_code.learntracker.data.Data<T of com.nmm_code.learntracker.data.Data> declared in com.nmm_code.learntracker.data.Data.read' type=com.nmm_code.learntracker.data.Data<T of com.nmm_code.learntracker.data.Data> origin=null
        then: CALL 'public final fun runBlocking <T> (context: kotlin.coroutines.CoroutineContext, block: @[ExtensionFunctionType] kotlin.coroutines.SuspendFunction1<kotlinx.coroutines.CoroutineScope, T of kotlinx.coroutines.BuildersKt.runBlocking>): T of kotlinx.coroutines.BuildersKt.runBlocking declared in kotlinx.coroutines.BuildersKt' type=kotlin.Unit origin=null
          <T>: kotlin.Unit
          block: FUN_EXPR type=@[ExtensionFunctionType] kotlin.coroutines.SuspendFunction1<kotlinx.coroutines.CoroutineScope, kotlin.Unit> origin=LAMBDA
            FUN LOCAL_FUNCTION_FOR_LAMBDA name:<anonymous> visibility:local modality:FINAL <> ($receiver:kotlinx.coroutines.CoroutineScope) returnType:kotlin.Unit [suspend]
              $receiver: VALUE_PARAMETER name:$this$runBlocking type:kotlinx.coroutines.CoroutineScope
              BLOCK_BODY
                SET_VAR 'var dir: kotlin.String [var] declared in com.nmm_code.learntracker.data.Data.read' type=kotlin.Unit origin=EQ
                  CALL 'public final fun get (default: T of com.nmm_code.learntracker.data.DataStoreState): T of com.nmm_code.learntracker.data.DataStoreState [suspend] declared in com.nmm_code.learntracker.data.DataStoreState' type=kotlin.String origin=null
                    $this: CONSTRUCTOR_CALL 'public constructor <init> (context: android.content.Context, key: androidx.datastore.preferences.core.Preferences.Key<T of com.nmm_code.learntracker.data.DataStoreState>) [primary] declared in com.nmm_code.learntracker.data.DataStoreState' type=com.nmm_code.learntracker.data.DataStoreState<kotlin.String> origin=null
                      <class: T>: kotlin.String
                      context: GET_VAR 'context: android.content.Context declared in com.nmm_code.learntracker.data.Data.read' type=android.content.Context origin=null
                      key: CALL 'public final fun <get-PATH> (): androidx.datastore.preferences.core.Preferences.Key<kotlin.String> declared in com.nmm_code.learntracker.data.DataStoreState.Companion' type=androidx.datastore.preferences.core.Preferences.Key<kotlin.String> origin=GET_PROPERTY
                        $this: GET_OBJECT 'CLASS IR_EXTERNAL_DECLARATION_STUB OBJECT name:Companion modality:FINAL visibility:public [companion] superTypes:[kotlin.Any]' type=com.nmm_code.learntracker.data.DataStoreState.Companion
                    default: CONST String type=kotlin.String value=""
    VAR name:file type:java.io.File [val]
      CONSTRUCTOR_CALL 'public constructor <init> (p0: @[FlexibleNullability] kotlin.String?) declared in java.io.File' type=java.io.File origin=null
        p0: CALL 'public final fun plus (other: kotlin.Any?): kotlin.String [operator] declared in kotlin.String' type=kotlin.String origin=PLUS
          $this: CALL 'public final fun plus (other: kotlin.Any?): kotlin.String [operator] declared in kotlin.String' type=kotlin.String origin=PLUS
            $this: CALL 'public open fun getPath (): @[FlexibleNullability] kotlin.String? declared in java.io.File' type=@[FlexibleNullability] kotlin.String? origin=GET_PROPERTY
              $this: CALL 'public abstract fun getFilesDir (): @[FlexibleNullability] java.io.File? declared in android.content.Context' type=@[FlexibleNullability] java.io.File? origin=GET_PROPERTY
                $this: GET_VAR 'context: android.content.Context declared in com.nmm_code.learntracker.data.Data.read' type=android.content.Context origin=null
            other: GET_VAR 'var dir: kotlin.String [var] declared in com.nmm_code.learntracker.data.Data.read' type=kotlin.String origin=null
          other: CALL 'public abstract fun <get-fileName> (): kotlin.String declared in com.nmm_code.learntracker.data.Data' type=kotlin.String origin=GET_PROPERTY
            $this: GET_VAR '<this>: com.nmm_code.learntracker.data.Data<T of com.nmm_code.learntracker.data.Data> declared in com.nmm_code.learntracker.data.Data.read' type=com.nmm_code.learntracker.data.Data<T of com.nmm_code.learntracker.data.Data> origin=null
    WHEN type=kotlin.Unit origin=IF
      BRANCH
        if: CALL 'public final fun not (): kotlin.Boolean [operator] declared in kotlin.Boolean' type=kotlin.Boolean origin=null
          $this: CALL 'public open fun exists (): kotlin.Boolean declared in java.io.File' type=kotlin.Boolean origin=null
            $this: GET_VAR 'val file: java.io.File [val] declared in com.nmm_code.learntracker.data.Data.read' type=java.io.File origin=null
        then: BLOCK type=kotlin.Unit origin=null
          RETURN type=kotlin.Nothing from='public final fun read <T> (context: android.content.Context): kotlin.collections.List<T of com.nmm_code.learntracker.data.Data.read> [inline] declared in com.nmm_code.learntracker.data.Data'
            CALL 'public final fun emptyList <T> (): kotlin.collections.List<T of kotlin.collections.CollectionsKt.emptyList> declared in kotlin.collections.CollectionsKt' type=kotlin.collections.List<T of com.nmm_code.learntracker.data.Data.read> origin=null
              <T>: T of com.nmm_code.learntracker.data.Data.read
    VAR name:fileContent type:kotlin.ByteArray [val]
      CALL 'public final fun readBytes (): kotlin.ByteArray declared in kotlin.io.FilesKt' type=kotlin.ByteArray origin=null
        $receiver: GET_VAR 'val file: java.io.File [val] declared in com.nmm_code.learntracker.data.Data.read' type=java.io.File origin=null
    RETURN type=kotlin.Nothing from='public final fun read <T> (context: android.content.Context): kotlin.collections.List<T of com.nmm_code.learntracker.data.Data.read> [inline] declared in com.nmm_code.learntracker.data.Data'
      CALL 'public final fun decodeFromByteArray <T> (bytes: kotlin.ByteArray): T of kotlinx.serialization.SerialFormatKt.decodeFromByteArray [inline] declared in kotlinx.serialization.SerialFormatKt' type=kotlin.collections.List<T of com.nmm_code.learntracker.data.Data.read> origin=null
        <T>: kotlin.collections.List<T of com.nmm_code.learntracker.data.Data.read>
        $receiver: GET_OBJECT 'CLASS IR_EXTERNAL_DECLARATION_STUB OBJECT name:Default modality:FINAL visibility:public [companion] superTypes:[kotlinx.serialization.cbor.Cbor]' type=kotlinx.serialization.cbor.Cbor.Default
        bytes: GET_VAR 'val fileContent: kotlin.ByteArray [val] declared in com.nmm_code.learntracker.data.Data.read' type=kotlin.ByteArray origin=null

	at org.jetbrains.kotlin.backend.jvm.codegen.FunctionCodegen.generate(FunctionCodegen.kt:50)
	at org.jetbrains.kotlin.backend.jvm.codegen.FunctionCodegen.generate$default(FunctionCodegen.kt:42)
	at org.jetbrains.kotlin.backend.jvm.codegen.ClassCodegen.generateMethodNode(ClassCodegen.kt:391)
	at org.jetbrains.kotlin.backend.jvm.codegen.IrSourceCompilerForInline.compileInlineFunction(IrSourceCompilerForInline.kt:93)
	at org.jetbrains.kotlin.codegen.inline.InlineCodegen.compileInline(InlineCodegen.kt:43)
	at org.jetbrains.kotlin.codegen.inline.InlineCodegen.performInline(InlineCodegen.kt:51)
	... 76 more
Caused by: java.lang.IllegalStateException: No argument for parameter VALUE_PARAMETER name:context index:0 type:kotlin.coroutines.CoroutineContext:
CALL 'public final fun runBlocking <T> (context: kotlin.coroutines.CoroutineContext, block: @[ExtensionFunctionType] kotlin.coroutines.SuspendFunction1<kotlinx.coroutines.CoroutineScope, T of kotlinx.coroutines.BuildersKt.runBlocking>): T of kotlinx.coroutines.BuildersKt.runBlocking declared in kotlinx.coroutines.BuildersKt' type=kotlin.Unit origin=null
  <T>: kotlin.Unit
  block: FUN_EXPR type=@[ExtensionFunctionType] kotlin.coroutines.SuspendFunction1<kotlinx.coroutines.CoroutineScope, kotlin.Unit> origin=LAMBDA
    FUN LOCAL_FUNCTION_FOR_LAMBDA name:<anonymous> visibility:local modality:FINAL <> ($receiver:kotlinx.coroutines.CoroutineScope) returnType:kotlin.Unit [suspend]
      $receiver: VALUE_PARAMETER name:$this$runBlocking type:kotlinx.coroutines.CoroutineScope
      BLOCK_BODY
        SET_VAR 'var dir: kotlin.String [var] declared in com.nmm_code.learntracker.data.Data.read' type=kotlin.Unit origin=EQ
          CALL 'public final fun get (default: T of com.nmm_code.learntracker.data.DataStoreState): T of com.nmm_code.learntracker.data.DataStoreState [suspend] declared in com.nmm_code.learntracker.data.DataStoreState' type=kotlin.String origin=null
            $this: CONSTRUCTOR_CALL 'public constructor <init> (context: android.content.Context, key: androidx.datastore.preferences.core.Preferences.Key<T of com.nmm_code.learntracker.data.DataStoreState>) [primary] declared in com.nmm_code.learntracker.data.DataStoreState' type=com.nmm_code.learntracker.data.DataStoreState<kotlin.String> origin=null
              <class: T>: kotlin.String
              context: GET_VAR 'context: android.content.Context declared in com.nmm_code.learntracker.data.Data.read' type=android.content.Context origin=null
              key: CALL 'public final fun <get-PATH> (): androidx.datastore.preferences.core.Preferences.Key<kotlin.String> declared in com.nmm_code.learntracker.data.DataStoreState.Companion' type=androidx.datastore.preferences.core.Preferences.Key<kotlin.String> origin=GET_PROPERTY
                $this: GET_OBJECT 'CLASS IR_EXTERNAL_DECLARATION_STUB OBJECT name:Companion modality:FINAL visibility:public [companion] superTypes:[kotlin.Any]' type=com.nmm_code.learntracker.data.DataStoreState.Companion
            default: CONST String type=kotlin.String value=""

	at org.jetbrains.kotlin.backend.jvm.codegen.ExpressionCodegen.visitCall$getValueArgument(ExpressionCodegen.kt:615)
	at org.jetbrains.kotlin.backend.jvm.codegen.ExpressionCodegen.visitCall(ExpressionCodegen.kt:638)
	at org.jetbrains.kotlin.backend.jvm.codegen.ExpressionCodegen.visitCall(ExpressionCodegen.kt:137)
	at org.jetbrains.kotlin.ir.expressions.IrCall.accept(IrCall.kt:24)
	at org.jetbrains.kotlin.backend.jvm.codegen.ExpressionCodegen.visitWhen(ExpressionCodegen.kt:1095)
	at org.jetbrains.kotlin.backend.jvm.codegen.ExpressionCodegen.visitWhen(ExpressionCodegen.kt:137)
	at org.jetbrains.kotlin.ir.expressions.IrWhen.accept(IrWhen.kt:24)
	at org.jetbrains.kotlin.backend.jvm.codegen.ExpressionCodegen.visitStatementContainer(ExpressionCodegen.kt:573)
	at org.jetbrains.kotlin.backend.jvm.codegen.ExpressionCodegen.visitBlockBody(ExpressionCodegen.kt:578)
	at org.jetbrains.kotlin.backend.jvm.codegen.ExpressionCodegen.visitBlockBody(ExpressionCodegen.kt:137)
	at org.jetbrains.kotlin.ir.expressions.IrBlockBody.accept(IrBlockBody.kt:20)
	at org.jetbrains.kotlin.backend.jvm.codegen.ExpressionCodegen.generate(ExpressionCodegen.kt:239)
	at org.jetbrains.kotlin.backend.jvm.codegen.FunctionCodegen.doGenerate(FunctionCodegen.kt:121)
	at org.jetbrains.kotlin.backend.jvm.codegen.FunctionCodegen.generate(FunctionCodegen.kt:46)
	... 81 more


